<?xml version="1.0" encoding="UTF-8"?>
<testng-results ignored="0" total="1" passed="1" failed="0" skipped="0">
  <reporter-output>
  </reporter-output>
  <suite started-at="2023-10-28T14:38:00 IST" name="OpenCartSuite" finished-at="2023-10-28T14:38:07 IST" duration-ms="7208">
    <groups>
    </groups>
    <test started-at="2023-10-28T14:38:00 IST" name="OpenCartTest" finished-at="2023-10-28T14:38:07 IST" duration-ms="7208">
      <class name="testCases.TC_001_AccountRegistrationTest">
        <test-method is-config="true" signature="setup(java.lang.String)[pri:0, instance:testCases.TC_001_AccountRegistrationTest@563f38c4]" started-at="2023-10-28T14:38:00 IST" name="setup" finished-at="2023-10-28T14:38:06 IST" duration-ms="5253" status="PASS">
          <params>
            <param index="0">
              <value>
                <![CDATA[chrome]]>
              </value>
            </param>
          </params>
          <reporter-output>
          </reporter-output>
        </test-method> <!-- setup -->
        <test-method signature="test_account_Registration()[pri:0, instance:testCases.TC_001_AccountRegistrationTest@563f38c4]" started-at="2023-10-28T14:38:06 IST" name="test_account_Registration" finished-at="2023-10-28T14:38:07 IST" duration-ms="1411" status="PASS">
          <reporter-output>
          </reporter-output>
        </test-method> <!-- test_account_Registration -->
        <test-method is-config="true" signature="tearDown()[pri:0, instance:testCases.TC_001_AccountRegistrationTest@563f38c4]" started-at="2023-10-28T14:38:07 IST" name="tearDown" finished-at="2023-10-28T14:38:07 IST" duration-ms="111" status="PASS">
          <reporter-output>
          </reporter-output>
        </test-method> <!-- tearDown -->
      </class> <!-- testCases.TC_001_AccountRegistrationTest -->
    </test> <!-- OpenCartTest -->
  </suite> <!-- OpenCartSuite -->
</testng-results>
